{"name": "test_reportvalidaation", "status": "failed", "statusDetails": {"message": "AssertionError: assert 'https://www.redbus.in/' == 'https://www.redbus.in/123'\n  - https://www.redbus.in/123\n  ?                       ---\n  + https://www.redbus.in/", "trace": "def test_reportvalidaation():\n        chr_options = Options()\n        chr_options.add_experimental_option(\"detach\", True)\n        driver = webdriver.Chrome(ChromeDriverManager().install(), options=chr_options)\n        driver.get(\"https://www.redbus.in/\")\n>       assert driver.current_url == \"https://www.redbus.in/123\"\nE       AssertionError: assert 'https://www.redbus.in/' == 'https://www.redbus.in/123'\nE         - https://www.redbus.in/123\nE         ?                       ---\nE         + https://www.redbus.in/\n\ntestcases/test_reporttest.py:11: AssertionError"}, "start": 1671730326780, "stop": 1671730353764, "uuid": "6178d823-b7c9-4990-95ff-39820ef2a0be", "historyId": "46f05d3402ae6d43f0b8c8c41a892065", "testCaseId": "a12812a7c0779e8773d7347db0d9aeec", "fullName": "testcases.test_reporttest#test_reportvalidaation", "labels": [{"name": "parentSuite", "value": "testcases"}, {"name": "suite", "value": "test_reporttest"}, {"name": "host", "value": "Prasanths-MacBook-Pro.local"}, {"name": "thread", "value": "10179-MainThread"}, {"name": "framework", "value": "pytest"}, {"name": "language", "value": "cpython3"}, {"name": "package", "value": "testcases.test_reporttest"}]}